2023-10-15 22:06:11,641 [INFO] Activator:176 - 


2023-10-15 22:06:11,652 [INFO] Activator:177 - !SESSION log4j initialized
2023-10-15 22:06:20,839 [INFO] LogOutputStream:77 - [STDOUT_REDIRECT] 
2023-10-15 22:06:48,410 [ERROR] LogOutputStream:75 - [STDERR_REDIRECT] SLF4J: Failed to load class "org.slf4j.impl.StaticLoggerBinder".
2023-10-15 22:06:48,411 [ERROR] LogOutputStream:75 - [STDERR_REDIRECT] SLF4J: Defaulting to no-operation (NOP) logger implementation
2023-10-15 22:06:48,413 [ERROR] LogOutputStream:75 - [STDERR_REDIRECT] SLF4J: See http://www.slf4j.org/codes.html#StaticLoggerBinder for further details.
2023-10-15 22:29:52,743 [INFO] ApplicationProperties:184 - Using Application install path: C:\Users\Acer\Desktop\DHBK\HK5\VXL\STM32\STM32CubeIDE_1.12.1\STM32CubeIDE\plugins\com.st.stm32cube.common.mx_6.8.1.202304191431
2023-10-15 22:29:52,763 [INFO] DbMcusXml:78 - Set database path to: C:\Users\Acer\Desktop\DHBK\HK5\VXL\STM32\STM32CubeIDE_1.12.1\STM32CubeIDE\plugins\com.st.stm32cube.common.mx_6.8.1.202304191431\\db\/mcu/
2023-10-15 22:29:52,763 [INFO] ApiDb:274 - Set plugin database path to: C:\Users\Acer\Desktop\DHBK\HK5\VXL\STM32\STM32CubeIDE_1.12.1\STM32CubeIDE\plugins\com.st.stm32cube.common.mx_6.8.1.202304191431\\db\/plugins/boardmanager/
2023-10-15 22:29:52,765 [WARN] ApiDb:259 - Overriding images path with different value:  => C:\Users\Acer\Desktop\DHBK\HK5\VXL\STM32\STM32CubeIDE_1.12.1\STM32CubeIDE\plugins\com.st.stm32cube.common.mx_6.8.1.202304191431\\db\/plugins/mcufinder/images/
2023-10-15 22:29:52,794 [INFO] ApiDb:250 - Set database path to: C:\Users\Acer\.stmcufinder\plugins\mcufinder//mcu/
2023-10-15 22:29:52,796 [INFO] DbMcusAds:125 - Set database path to: C:\Users\Acer\.stmcufinder\plugins\mcufinder//mcu/
2023-10-15 22:29:52,811 [INFO] CrossReferenceDbSqlite:203 - Set database path to: C:\Users\Acer\.stmcufinder\plugins\mcufinder//mcu/cs/
2023-10-15 22:29:52,956 [INFO] RulesReader:64 - Compatibility file has been processed (293 Rules)
2023-10-15 22:29:53,054 [INFO] DbMcusXml:78 - Set database path to: C:\Users\Acer\Desktop\DHBK\HK5\VXL\STM32\STM32CubeIDE_1.12.1\STM32CubeIDE\plugins\com.st.stm32cube.common.mx_6.8.1.202304191431\\db\/mcu/
2023-10-15 22:29:53,055 [INFO] ApiDb:274 - Set plugin database path to: C:\Users\Acer\Desktop\DHBK\HK5\VXL\STM32\STM32CubeIDE_1.12.1\STM32CubeIDE\plugins\com.st.stm32cube.common.mx_6.8.1.202304191431\\db\/plugins/boardmanager/
2023-10-15 22:29:53,055 [INFO] ApiDb:261 - Set plugin images path to: C:\Users\Acer\Desktop\DHBK\HK5\VXL\STM32\STM32CubeIDE_1.12.1\STM32CubeIDE\plugins\com.st.stm32cube.common.mx_6.8.1.202304191431\\db\/plugins/mcufinder/images/
2023-10-15 22:29:53,055 [WARN] DbFile:41 - Overriding database path with different value: C:\Users\Acer\.stmcufinder\plugins\mcufinder/ => C:\Users\Acer\.stmcufinder\plugins\mcufinder
2023-10-15 22:29:53,056 [INFO] ApiDb:250 - Set database path to: C:\Users\Acer\.stmcufinder\plugins\mcufinder//mcu/
2023-10-15 22:29:53,056 [WARN] DbFile:41 - Overriding database path with different value: C:\Users\Acer\.stmcufinder\plugins\mcufinder/ => C:\Users\Acer\.stmcufinder\plugins\mcufinder
2023-10-15 22:29:53,056 [INFO] DbMcusAds:125 - Set database path to: C:\Users\Acer\.stmcufinder\plugins\mcufinder//mcu/
2023-10-15 22:29:53,056 [WARN] DbFile:41 - Overriding database path with different value: C:\Users\Acer\.stmcufinder\plugins\mcufinder/ => C:\Users\Acer\.stmcufinder\plugins\mcufinder
2023-10-15 22:29:53,056 [WARN] DbFile:41 - Overriding database path with different value: C:\Users\Acer\.stmcufinder\plugins\mcufinder/ => C:\Users\Acer\.stmcufinder\plugins\mcufinder
2023-10-15 22:29:53,056 [INFO] CrossReferenceDbSqlite:203 - Set database path to: C:\Users\Acer\.stmcufinder\plugins\mcufinder//mcu/cs/
2023-10-15 22:29:53,163 [INFO] MainPanel:253 - HeapMemory: 500170752
2023-10-15 22:29:53,271 [INFO] DbMcusXml:78 - Set database path to: C:\Users\Acer\Desktop\DHBK\HK5\VXL\STM32\STM32CubeIDE_1.12.1\STM32CubeIDE\plugins\com.st.stm32cube.common.mx_6.8.1.202304191431\\db\/mcu/
2023-10-15 22:29:53,271 [INFO] ApiDb:274 - Set plugin database path to: C:\Users\Acer\Desktop\DHBK\HK5\VXL\STM32\STM32CubeIDE_1.12.1\STM32CubeIDE\plugins\com.st.stm32cube.common.mx_6.8.1.202304191431\\db\/plugins/boardmanager/
2023-10-15 22:29:53,271 [INFO] ApiDb:261 - Set plugin images path to: C:\Users\Acer\Desktop\DHBK\HK5\VXL\STM32\STM32CubeIDE_1.12.1\STM32CubeIDE\plugins\com.st.stm32cube.common.mx_6.8.1.202304191431\\db\/plugins/mcufinder/images/
2023-10-15 22:29:53,271 [WARN] DbFile:41 - Overriding database path with different value: C:\Users\Acer\.stmcufinder\plugins\mcufinder/ => C:\Users\Acer\.stmcufinder\plugins\mcufinder
2023-10-15 22:29:53,272 [INFO] ApiDb:250 - Set database path to: C:\Users\Acer\.stmcufinder\plugins\mcufinder//mcu/
2023-10-15 22:29:53,272 [WARN] DbFile:41 - Overriding database path with different value: C:\Users\Acer\.stmcufinder\plugins\mcufinder/ => C:\Users\Acer\.stmcufinder\plugins\mcufinder
2023-10-15 22:29:53,272 [INFO] DbMcusAds:125 - Set database path to: C:\Users\Acer\.stmcufinder\plugins\mcufinder//mcu/
2023-10-15 22:29:53,272 [WARN] DbFile:41 - Overriding database path with different value: C:\Users\Acer\.stmcufinder\plugins\mcufinder/ => C:\Users\Acer\.stmcufinder\plugins\mcufinder
2023-10-15 22:29:53,272 [WARN] DbFile:41 - Overriding database path with different value: C:\Users\Acer\.stmcufinder\plugins\mcufinder/ => C:\Users\Acer\.stmcufinder\plugins\mcufinder
2023-10-15 22:29:53,272 [INFO] CrossReferenceDbSqlite:203 - Set database path to: C:\Users\Acer\.stmcufinder\plugins\mcufinder//mcu/cs/
2023-10-15 22:29:53,291 [INFO] ApplicationProperties:184 - Using Application install path: C:\Users\Acer\Desktop\DHBK\HK5\VXL\STM32\STM32CubeIDE_1.12.1\STM32CubeIDE\plugins\com.st.stm32cube.common.mx_6.8.1.202304191431
2023-10-15 22:29:53,292 [INFO] PluginManage:196 - Search for loadable plugins [exclusion list=, ]
2023-10-15 22:29:53,294 [INFO] PluginManage:310 - Check plugin analytics
2023-10-15 22:29:58,402 [INFO] AnalyticsPlugin:253 - Accepted Software Licenses: 
2023-10-15 22:29:58,402 [INFO] AnalyticsPlugin:255 - Accepted CMSIS Pack Licenses: 
2023-10-15 22:29:58,402 [INFO] AnalyticsPlugin:257 - Accepted Firmware Licenses: 
2023-10-15 22:29:58,407 [INFO] PluginManage:359 - Loaded plugin analytics (category:tool,tabindex:-1)
2023-10-15 22:29:58,408 [INFO] PluginManage:310 - Check plugin cadmodel
2023-10-15 22:29:58,427 [INFO] CADModel:105 - Init CAD model plugin
2023-10-15 22:29:58,427 [INFO] PluginManage:359 - Loaded plugin cadmodel (category:power,tabindex:5)
2023-10-15 22:29:58,428 [INFO] PluginManage:310 - Check plugin clock
2023-10-15 22:29:58,446 [INFO] PluginManage:359 - Loaded plugin clock (category:base,tabindex:2)
2023-10-15 22:29:58,446 [INFO] PluginManage:310 - Check plugin ddr
2023-10-15 22:29:58,449 [INFO] PluginManage:359 - Loaded plugin ddr (category:tool,tabindex:6)
2023-10-15 22:29:58,449 [INFO] PluginManage:310 - Check plugin filemanager
2023-10-15 22:29:58,567 [INFO] PluginManage:359 - Loaded plugin filemanager (category:base,tabindex:10)
2023-10-15 22:29:58,567 [INFO] PluginManage:310 - Check plugin ipmanager
2023-10-15 22:29:58,575 [INFO] PluginManage:359 - Loaded plugin ipmanager (category:base,tabindex:5)
2023-10-15 22:29:58,576 [INFO] PluginManage:310 - Check plugin lpbam
2023-10-15 22:29:58,592 [INFO] PluginManage:359 - Loaded plugin lpbam (category:base,tabindex:0)
2023-10-15 22:29:58,592 [INFO] PluginManage:310 - Check plugin pinoutandconfiguration
2023-10-15 22:29:58,608 [INFO] PluginManage:359 - Loaded plugin pinoutandconfiguration (category:base,tabindex:1)
2023-10-15 22:29:58,608 [INFO] PluginManage:310 - Check plugin pinoutconfig
2023-10-15 22:29:58,701 [WARN] SupportedApi:132 - Cannot load RTOS API schema: s4s-elt-must-match.1: The content of 'definitions' must match (annotation?, (simpleType | complexType)?, (unique | key | keyref)*)). A problem was found starting at: attribute.
2023-10-15 22:29:58,830 [INFO] PluginManage:359 - Loaded plugin pinoutconfig (category:base,tabindex:0)
2023-10-15 22:29:58,830 [INFO] PluginManage:310 - Check plugin power
2023-10-15 22:29:58,865 [INFO] PluginManage:359 - Loaded plugin power (category:power,tabindex:4)
2023-10-15 22:29:58,865 [INFO] PluginManage:310 - Check plugin projectmanager
2023-10-15 22:29:58,889 [INFO] PluginManage:359 - Loaded plugin projectmanager (category:projectmanager,tabindex:3)
2023-10-15 22:29:58,889 [INFO] PluginManage:310 - Check plugin thirdparty
2023-10-15 22:29:59,175 [INFO] PluginManage:359 - Loaded plugin thirdparty (category:base,tabindex:-1)
2023-10-15 22:29:59,175 [WARN] IntegrityCheckThread:84 - waiting for thirdparty lock release [integrity check]
2023-10-15 22:29:59,176 [INFO] PluginManage:310 - Check plugin tools
2023-10-15 22:29:59,176 [INFO] IntegrityCheckThread:86 - entering critical section [integrity check]
2023-10-15 22:29:59,178 [INFO] ThirdPartyUpdaterWithRetryManager:70 - Updater plugin not ready yet. [1/15]
2023-10-15 22:29:59,234 [INFO] PluginManage:359 - Loaded plugin tools (category:base,tabindex:7)
2023-10-15 22:29:59,235 [INFO] PluginManage:310 - Check plugin tutovideos
2023-10-15 22:29:59,481 [INFO] PluginManage:359 - Loaded plugin tutovideos (category:base,tabindex:-1)
2023-10-15 22:29:59,481 [INFO] PluginManage:310 - Check plugin updater
2023-10-15 22:29:59,500 [INFO] PluginManage:359 - Loaded plugin updater (category:base,tabindex:12)
2023-10-15 22:29:59,501 [INFO] PluginManage:283 - PluginManage : Loaded plugins [15]
2023-10-15 22:29:59,826 [INFO] PinOutPanel:1499 - setPackage(No Configuration,No Configuration)
2023-10-15 22:29:59,913 [INFO] CADModel:165 - CPN selected for project level
2023-10-15 22:29:59,913 [INFO] CADModel:114 - Register for checkConnection events
2023-10-15 22:29:59,945 [INFO] IPUIPlugin:80 - create IPUIPlugin
2023-10-15 22:29:59,945 [INFO] PluginManager:220 - loadIPPluginJar : add adc
2023-10-15 22:29:59,982 [INFO] IPUIPlugin:80 - create IPUIPlugin
2023-10-15 22:29:59,982 [INFO] PluginManager:220 - loadIPPluginJar : add aes
2023-10-15 22:30:00,032 [INFO] IPUIPlugin:80 - create IPUIPlugin
2023-10-15 22:30:00,033 [INFO] PluginManager:220 - loadIPPluginJar : add can
2023-10-15 22:30:00,061 [INFO] IPUIPlugin:80 - create IPUIPlugin
2023-10-15 22:30:00,061 [INFO] PluginManager:220 - loadIPPluginJar : add comp
2023-10-15 22:30:00,093 [INFO] IPUIPlugin:80 - create IPUIPlugin
2023-10-15 22:30:00,093 [INFO] PluginManager:220 - loadIPPluginJar : add cryp
2023-10-15 22:30:00,120 [INFO] IPUIPlugin:80 - create IPUIPlugin
2023-10-15 22:30:00,120 [INFO] PluginManager:220 - loadIPPluginJar : add dfsdm
2023-10-15 22:30:00,133 [INFO] IPUIPlugin:80 - create IPUIPlugin
2023-10-15 22:30:00,133 [INFO] PluginManager:220 - loadIPPluginJar : add dma
2023-10-15 22:30:00,170 [INFO] IPUIPlugin:80 - create IPUIPlugin
2023-10-15 22:30:00,170 [INFO] PluginManager:220 - loadIPPluginJar : add dma3
2023-10-15 22:30:00,188 [INFO] IPUIPlugin:80 - create IPUIPlugin
2023-10-15 22:30:00,189 [INFO] PluginManager:220 - loadIPPluginJar : add fatfs
2023-10-15 22:30:00,228 [INFO] IPUIPlugin:80 - create IPUIPlugin
2023-10-15 22:30:00,228 [INFO] PluginManager:220 - loadIPPluginJar : add fmc
2023-10-15 22:30:00,243 [INFO] IPUIPlugin:80 - create IPUIPlugin
2023-10-15 22:30:00,243 [INFO] PluginManager:220 - loadIPPluginJar : add freertos
2023-10-15 22:30:00,263 [INFO] IPUIPlugin:80 - create IPUIPlugin
2023-10-15 22:30:00,263 [INFO] PluginManager:220 - loadIPPluginJar : add genericplugin
2023-10-15 22:30:00,350 [INFO] IPUIPlugin:80 - create IPUIPlugin
2023-10-15 22:30:00,351 [INFO] PluginManager:220 - loadIPPluginJar : add gfxmmu
2023-10-15 22:30:00,488 [INFO] IPUIPlugin:80 - create IPUIPlugin
2023-10-15 22:30:00,488 [INFO] PluginManager:220 - loadIPPluginJar : add gic
2023-10-15 22:30:00,501 [INFO] IPUIPlugin:80 - create IPUIPlugin
2023-10-15 22:30:00,501 [INFO] PluginManager:220 - loadIPPluginJar : add gpio
2023-10-15 22:30:00,580 [INFO] IPUIPlugin:80 - create IPUIPlugin
2023-10-15 22:30:00,580 [INFO] PluginManager:220 - loadIPPluginJar : add gtzc
2023-10-15 22:30:00,609 [INFO] IPUIPlugin:80 - create IPUIPlugin
2023-10-15 22:30:00,609 [INFO] PluginManager:220 - loadIPPluginJar : add hash
2023-10-15 22:30:00,665 [INFO] IPUIPlugin:80 - create IPUIPlugin
2023-10-15 22:30:00,665 [INFO] PluginManager:220 - loadIPPluginJar : add i2c
2023-10-15 22:30:00,716 [INFO] IPUIPlugin:80 - create IPUIPlugin
2023-10-15 22:30:00,716 [INFO] PluginManager:220 - loadIPPluginJar : add i2s
2023-10-15 22:30:00,756 [INFO] IPUIPlugin:80 - create IPUIPlugin
2023-10-15 22:30:00,757 [INFO] PluginManager:220 - loadIPPluginJar : add i3c
2023-10-15 22:30:00,852 [INFO] IPUIPlugin:80 - create IPUIPlugin
2023-10-15 22:30:00,852 [INFO] PluginManager:220 - loadIPPluginJar : add ipddr
2023-10-15 22:30:00,934 [INFO] IPUIPlugin:80 - create IPUIPlugin
2023-10-15 22:30:00,934 [INFO] PluginManager:220 - loadIPPluginJar : add linkedlist
2023-10-15 22:30:00,964 [INFO] IPUIPlugin:80 - create IPUIPlugin
2023-10-15 22:30:00,965 [INFO] PluginManager:220 - loadIPPluginJar : add lorawan
2023-10-15 22:30:00,995 [INFO] IPUIPlugin:80 - create IPUIPlugin
2023-10-15 22:30:00,995 [INFO] PluginManager:220 - loadIPPluginJar : add ltdc
2023-10-15 22:30:01,008 [INFO] IPUIPlugin:80 - create IPUIPlugin
2023-10-15 22:30:01,008 [INFO] PluginManager:220 - loadIPPluginJar : add mdma
2023-10-15 22:30:01,020 [INFO] IPUIPlugin:80 - create IPUIPlugin
2023-10-15 22:30:01,021 [INFO] PluginManager:220 - loadIPPluginJar : add nvic
2023-10-15 22:30:01,052 [INFO] IPUIPlugin:80 - create IPUIPlugin
2023-10-15 22:30:01,053 [INFO] PluginManager:220 - loadIPPluginJar : add opamp
2023-10-15 22:30:01,105 [INFO] IPUIPlugin:80 - create IPUIPlugin
2023-10-15 22:30:01,105 [INFO] PluginManager:220 - loadIPPluginJar : add openamp
2023-10-15 22:30:01,142 [INFO] IPUIPlugin:80 - create IPUIPlugin
2023-10-15 22:30:01,142 [INFO] PluginManager:220 - loadIPPluginJar : add pdm2pcm
2023-10-15 22:30:01,156 [INFO] IPUIPlugin:80 - create IPUIPlugin
2023-10-15 22:30:01,159 [INFO] PluginManager:220 - loadIPPluginJar : add plateformsettings
2023-10-15 22:30:01,177 [INFO] IPUIPlugin:80 - create IPUIPlugin
2023-10-15 22:30:01,177 [INFO] PluginManager:220 - loadIPPluginJar : add quadspi
2023-10-15 22:30:01,188 [INFO] IPUIPlugin:80 - create IPUIPlugin
2023-10-15 22:30:01,188 [INFO] PluginManager:220 - loadIPPluginJar : add resmgrutility
2023-10-15 22:30:01,229 [INFO] IPUIPlugin:80 - create IPUIPlugin
2023-10-15 22:30:01,229 [INFO] PluginManager:220 - loadIPPluginJar : add sai
2023-10-15 22:30:01,260 [INFO] IPUIPlugin:80 - create IPUIPlugin
2023-10-15 22:30:01,260 [INFO] PluginManager:220 - loadIPPluginJar : add spi
2023-10-15 22:30:01,312 [INFO] IPUIPlugin:80 - create IPUIPlugin
2023-10-15 22:30:01,312 [INFO] PluginManager:220 - loadIPPluginJar : add stm32_wpan
2023-10-15 22:30:01,333 [INFO] IPUIPlugin:80 - create IPUIPlugin
2023-10-15 22:30:01,333 [INFO] PluginManager:220 - loadIPPluginJar : add tim
2023-10-15 22:30:01,381 [INFO] IPUIPlugin:80 - create IPUIPlugin
2023-10-15 22:30:01,381 [INFO] PluginManager:220 - loadIPPluginJar : add touchsensing
2023-10-15 22:30:01,407 [INFO] IPUIPlugin:80 - create IPUIPlugin
2023-10-15 22:30:01,407 [INFO] PluginManager:220 - loadIPPluginJar : add tracer_emb
2023-10-15 22:30:01,434 [INFO] IPUIPlugin:80 - create IPUIPlugin
2023-10-15 22:30:01,435 [INFO] PluginManager:220 - loadIPPluginJar : add ts
2023-10-15 22:30:01,458 [INFO] IPUIPlugin:80 - create IPUIPlugin
2023-10-15 22:30:01,458 [INFO] PluginManager:220 - loadIPPluginJar : add tsc
2023-10-15 22:30:01,480 [INFO] IPUIPlugin:80 - create IPUIPlugin
2023-10-15 22:30:01,480 [INFO] PluginManager:220 - loadIPPluginJar : add ucpd
2023-10-15 22:30:01,527 [INFO] IPUIPlugin:80 - create IPUIPlugin
2023-10-15 22:30:01,527 [INFO] PluginManager:220 - loadIPPluginJar : add usart
2023-10-15 22:30:01,566 [INFO] IPUIPlugin:80 - create IPUIPlugin
2023-10-15 22:30:01,566 [INFO] PluginManager:220 - loadIPPluginJar : add usbx
2023-10-15 22:30:01,712 [INFO] CADModel:165 - CPN selected for project level
2023-10-15 22:30:01,713 [INFO] CADModel:114 - Register for checkConnection events
2023-10-15 22:30:01,713 [FATAL] Updater:308 - Updater called before beeing initialized
2023-10-15 22:30:01,713 [ERROR] CADModel:125 - Updater not yet initialized, retry later 
2023-10-15 22:30:01,908 [INFO] CADModel:165 - CPN selected for project level
2023-10-15 22:30:01,908 [INFO] CADModel:114 - Register for checkConnection events
2023-10-15 22:30:01,908 [FATAL] Updater:308 - Updater called before beeing initialized
2023-10-15 22:30:01,908 [ERROR] CADModel:125 - Updater not yet initialized, retry later 
2023-10-15 22:30:01,913 [FATAL] Updater:308 - Updater called before beeing initialized
2023-10-15 22:30:02,091 [FATAL] Updater:308 - Updater called before beeing initialized
2023-10-15 22:30:02,109 [INFO] DbMcusAds:53 - JSON generation date=Tue Mar 07 15:50:55 ICT 2023 (1678179055114)
2023-10-15 22:30:02,110 [FATAL] Updater:308 - Updater called before beeing initialized
2023-10-15 22:30:02,164 [WARN] DetailPanel:346 - Failed to get advertising image, set to default
2023-10-15 22:30:02,179 [INFO] ThirdPartyUpdaterWithRetryManager:70 - Updater plugin not ready yet. [2/15]
2023-10-15 22:30:02,345 [FATAL] Updater:308 - Updater called before beeing initialized
2023-10-15 22:30:02,358 [FATAL] Updater:308 - Updater called before beeing initialized
2023-10-15 22:30:02,359 [FATAL] Updater:308 - Updater called before beeing initialized
2023-10-15 22:30:02,359 [WARN] DetailPanel:346 - Failed to get advertising image, set to default
2023-10-15 22:30:02,360 [FATAL] Updater:308 - Updater called before beeing initialized
2023-10-15 22:30:02,432 [ERROR] Updater:1120 - MainUpdater not yet initialized. External WinMGr cannot be set.
2023-10-15 22:30:02,446 [INFO] Updater:1056 - Updater Version found : 6.8.1
2023-10-15 22:30:02,470 [INFO] ApplicationProperties:184 - Using Application install path: C:\Users\Acer\Desktop\DHBK\HK5\VXL\STM32\STM32CubeIDE_1.12.1\STM32CubeIDE\plugins\com.st.stm32cube.common.mx_6.8.1.202304191431
2023-10-15 22:30:02,741 [INFO] MainUpdater:2854 - connection check result : 10
2023-10-15 22:30:02,741 [INFO] MainUpdater:3548 - Updater definition file requires update
2023-10-15 22:30:02,743 [INFO] MainUpdater:283 - Updater Check For Update Now.
2023-10-15 22:30:02,745 [INFO] MicroXplorer:498 - Change Database Version : DB.6.0.81
2023-10-15 22:30:02,889 [INFO] ServerAccessManage:473 - Download File updaters.zip
2023-10-15 22:30:03,031 [INFO] FileExtend:240 - Unzip File : updaters.zip
2023-10-15 22:30:03,031 [INFO] FileExtend:255 - Standard Zip Deflate
2023-10-15 22:30:03,638 [INFO] ServerAccessManage:473 - Download File PacksControlFlags.xml
2023-10-15 22:30:04,022 [INFO] ServerAccessManage:473 - Download File cubemx.pidx
2023-10-15 22:30:05,181 [WARN] MainUpdater:1187 - Updater busy. Cannot search thirdparties
2023-10-15 22:30:05,181 [INFO] ThirdPartyUpdaterWithRetryManager:96 - Updater plugin is busy. [1/15]
2023-10-15 22:30:06,609 [ERROR] ServerAccessManage:1096 - Problem, Http access forbiden
2023-10-15 22:30:06,609 [ERROR] ServerAccessManage:651 - Problem, Http access forbiden : RoweBots.I-CUBE-UNISONRTOS.pdsc.
2023-10-15 22:30:07,766 [INFO] ServerAccessManage:473 - Download File Infineon.AIROC-Wi-Fi-Bluetooth-STM32.pdsc
2023-10-15 22:30:08,227 [WARN] MainUpdater:1187 - Updater busy. Cannot search thirdparties
2023-10-15 22:30:08,227 [INFO] ThirdPartyUpdaterWithRetryManager:96 - Updater plugin is busy. [2/15]
2023-10-15 22:30:10,252 [WARN] PackLoader:240 - Cannot read IP mode file for Infineon.AIROC-Wi-Fi-Bluetooth-STM32.1.5.1
2023-10-15 22:30:10,261 [INFO] PopulateThirdPartyThread:66 - Ending populate Thread
2023-10-15 22:30:10,265 [INFO] ThirdParty:1030 - CMSIS Pack Vendor :Infineon AIROC-Wi-Fi-Bluetooth-STM32 1.5.1
2023-10-15 22:30:10,266 [INFO] LoadServerUpdatesThread:373 - End of LoadServerUpdate Thread
2023-10-15 22:30:10,362 [INFO] CheckServerUpdateThread:120 - End of CheckServer Thread
2023-10-15 22:30:10,432 [INFO] MainUpdater:2854 - connection check result : 10
2023-10-15 22:30:10,438 [INFO] MainUpdater:2854 - connection check result : 10
2023-10-15 22:30:10,668 [INFO] MicroXplorer:468 - Change Database Path : 
2023-10-15 22:30:10,668 [INFO] MicroXplorer:498 - Change Database Version : DB.6.0.81
2023-10-15 22:30:10,668 [WARN] ThirdParty:871 - waiting for thirdparty lock release [close project]
2023-10-15 22:30:11,474 [WARN] PackLoader:240 - Cannot read IP mode file for STMicroelectronics.X-CUBE-SMBUS.2.1.0
2023-10-15 22:30:11,533 [WARN] PackLoader:240 - Cannot read IP mode file for STMicroelectronics.X-CUBE-AZRTOS-F7.1.1.0
2023-10-15 22:30:11,561 [WARN] PackLoader:240 - Cannot read IP mode file for STMicroelectronics.FP-SNS-MOTENV1.4.3.2
2023-10-15 22:30:11,581 [ERROR] RealEvaluatedCondition:428 - Found unsupported composite condition: GROUP='STM32_MetaDataManager' CLASS='Data Exchange'
2023-10-15 22:30:11,581 [ERROR] RealEvaluatedCondition:428 - Found unsupported composite condition: GROUP='STM32_MetaDataManager' CLASS='Data Exchange'
2023-10-15 22:30:11,584 [WARN] PackLoader:240 - Cannot read IP mode file for STMicroelectronics.FP-SNS-MOTENV1.4.3.1
2023-10-15 22:30:11,606 [WARN] PackLoader:240 - Cannot read IP mode file for STMicroelectronics.FP-SNS-FLIGHT1.5.0.1
2023-10-15 22:30:11,627 [WARN] PackLoader:240 - Cannot read IP mode file for STMicroelectronics.X-CUBE-BLE1.6.2.4
2023-10-15 22:30:11,634 [WARN] PackLoader:240 - Cannot read IP mode file for STMicroelectronics.FP-SNS-FLIGHT1.5.0.2
2023-10-15 22:30:11,659 [WARN] PackLoader:240 - Cannot read IP mode file for STMicroelectronics.X-CUBE-DISPLAY.3.0.0
2023-10-15 22:30:11,688 [WARN] PackLoader:240 - Cannot read IP mode file for STMicroelectronics.X-CUBE-BLE1.7.0.0
2023-10-15 22:30:11,706 [WARN] PackLoader:240 - Cannot read IP mode file for STMicroelectronics.X-CUBE-TOUCHGFX.4.22.0
2023-10-15 22:30:11,723 [WARN] PackLoader:240 - Cannot read IP mode file for STMicroelectronics.X-CUBE-TOUCHGFX.4.22.1
2023-10-15 22:30:11,746 [WARN] PackLoader:240 - Cannot read IP mode file for WES.I-CUBE-Cesium.1.3.0
2023-10-15 22:30:11,766 [WARN] PackLoader:240 - Cannot read IP mode file for STMicroelectronics.X-CUBE-BLE2.3.3.0
2023-10-15 22:30:11,787 [WARN] PackLoader:240 - Cannot read IP mode file for STMicroelectronics.X-CUBE-TOUCHGFX.4.21.4
2023-10-15 22:30:11,809 [WARN] PackLoader:240 - Cannot read IP mode file for STMicroelectronics.X-CUBE-ALGOBUILD.1.3.0
2023-10-15 22:30:11,852 [WARN] PackLoader:240 - Cannot read IP mode file for STMicroelectronics.X-CUBE-AZRTOS-G0.1.1.0
2023-10-15 22:30:11,881 [WARN] PackLoader:240 - Cannot read IP mode file for STMicroelectronics.X-CUBE-NFC4.3.0.0
2023-10-15 22:30:11,890 [WARN] PackLoader:240 - Cannot read IP mode file for STMicroelectronics.FP-ATR-SIGFOX1.3.2.0
2023-10-15 22:30:11,962 [WARN] PackLoader:240 - Cannot read IP mode file for SEGGER.I-CUBE-embOS.1.3.1
2023-10-15 22:30:12,062 [WARN] PackLoader:240 - Cannot read IP mode file for STMicroelectronics.X-CUBE-GNSS1.6.0.0
2023-10-15 22:30:12,103 [WARN] PackLoader:240 - Cannot read IP mode file for STMicroelectronics.X-CUBE-AZRTOS-F4.1.1.0
2023-10-15 22:30:12,125 [WARN] PackLoader:240 - Cannot read IP mode file for wolfSSL.I-CUBE-wolfSSL.5.6.0
2023-10-15 22:30:12,164 [WARN] PackLoader:240 - Cannot read IP mode file for STMicroelectronics.X-CUBE-AZRTOS-L5.2.0.0
2023-10-15 22:30:12,229 [WARN] PackLoader:240 - Cannot read IP mode file for STMicroelectronics.X-CUBE-MEMS1.9.6.0
2023-10-15 22:30:12,443 [WARN] PackLoader:240 - Cannot read IP mode file for ITTIA_DB.I-CUBE-ITTIADB.8.8.0
2023-10-15 22:30:12,468 [WARN] PackLoader:240 - Cannot read IP mode file for emotas.I-CUBE-CANOPEN.1.1.3
2023-10-15 22:30:12,493 [WARN] PackLoader:240 - Cannot read IP mode file for STMicroelectronics.X-CUBE-BLEMGR.2.0.0
2023-10-15 22:30:12,539 [WARN] ConditionMgr:438 - getConditionDescription Invalid condition id : UX DEVICE CLASS RTOS Condition cause : null
2023-10-15 22:30:12,539 [WARN] ConditionMgr:438 - getConditionDescription Invalid condition id : UX DEVICE CLASS RTOS Condition cause : null
2023-10-15 22:30:12,544 [WARN] PackLoader:240 - Cannot read IP mode file for STMicroelectronics.X-CUBE-AZRTOS-H7.3.1.0
2023-10-15 22:30:12,547 [WARN] ConditionMgr:1039 - genDependencies : Invalid condition id : UX DEVICE CLASS RTOS Condition cause : null
2023-10-15 22:30:12,547 [WARN] ConditionMgr:1039 - genDependencies : Invalid condition id : UX DEVICE CLASS RTOS Condition cause : null
2023-10-15 22:30:12,548 [WARN] ConditionMgr:1039 - genDependencies : Invalid condition id : UX DEVICE CLASS RTOS Condition cause : null
2023-10-15 22:30:12,549 [WARN] ConditionMgr:1039 - genDependencies : Invalid condition id : UX DEVICE CLASS RTOS Condition cause : null
2023-10-15 22:30:12,549 [WARN] ConditionMgr:1039 - genDependencies : Invalid condition id : UX DEVICE CLASS RTOS Condition cause : null
2023-10-15 22:30:12,576 [WARN] PackLoader:240 - Cannot read IP mode file for STMicroelectronics.X-CUBE-NFC7.1.0.1
2023-10-15 22:30:12,602 [WARN] PackLoader:240 - Cannot read IP mode file for STMicroelectronics.X-CUBE-NFC7.1.0.0
2023-10-15 22:30:12,627 [WARN] PackLoader:240 - Cannot read IP mode file for STMicroelectronics.X-CUBE-NFC6.3.0.0
2023-10-15 22:30:12,652 [WARN] PackLoader:240 - Cannot read IP mode file for STMicroelectronics.X-CUBE-EEPRMA1.4.1.0
2023-10-15 22:30:12,673 [WARN] PackLoader:240 - Cannot read IP mode file for STMicroelectronics.X-CUBE-AI.8.1.0
2023-10-15 22:30:12,714 [WARN] ConditionMgr:438 - getConditionDescription Invalid condition id : LAN8742 Phy interface Condition cause : null
2023-10-15 22:30:12,715 [WARN] PackLoader:240 - Cannot read IP mode file for STMicroelectronics.X-CUBE-AZRTOS-L4.2.0.0
2023-10-15 22:30:12,716 [WARN] ConditionMgr:1039 - genDependencies : Invalid condition id : LAN8742 Phy interface Condition cause : null
2023-10-15 22:30:12,718 [WARN] ConditionMgr:1039 - genDependencies : Invalid condition id : LAN8742 Phy interface Condition cause : null
2023-10-15 22:30:12,719 [WARN] ConditionMgr:1039 - genDependencies : Invalid condition id : LAN8742 Phy interface Condition cause : null
2023-10-15 22:30:12,741 [WARN] PackLoader:240 - Cannot read IP mode file for STMicroelectronics.X-CUBE-SFXS2LP1.4.0.0
2023-10-15 22:30:12,759 [WARN] PackLoader:240 - Cannot read IP mode file for STMicroelectronics.X-CUBE-ISPU.1.1.0
2023-10-15 22:30:12,787 [WARN] ConditionMgr:438 - getConditionDescription Invalid condition id : UX DEVICE CLASS RTOS Condition cause : null
2023-10-15 22:30:12,788 [WARN] ConditionMgr:438 - getConditionDescription Invalid condition id : UX DEVICE CLASS RTOS Condition cause : null
2023-10-15 22:30:12,790 [WARN] PackLoader:240 - Cannot read IP mode file for STMicroelectronics.X-CUBE-AZRTOS-WB.2.0.0
2023-10-15 22:30:12,791 [WARN] ConditionMgr:1039 - genDependencies : Invalid condition id : UX DEVICE CLASS RTOS Condition cause : null
2023-10-15 22:30:12,791 [WARN] ConditionMgr:1039 - genDependencies : Invalid condition id : UX DEVICE CLASS RTOS Condition cause : null
2023-10-15 22:30:12,792 [WARN] ConditionMgr:1039 - genDependencies : Invalid condition id : UX DEVICE CLASS RTOS Condition cause : null
2023-10-15 22:30:12,792 [WARN] ConditionMgr:1039 - genDependencies : Invalid condition id : UX DEVICE CLASS RTOS Condition cause : null
2023-10-15 22:30:12,792 [WARN] ConditionMgr:1039 - genDependencies : Invalid condition id : UX DEVICE CLASS RTOS Condition cause : null
2023-10-15 22:30:12,808 [WARN] PackLoader:240 - Cannot read IP mode file for STMicroelectronics.X-CUBE-FREERTOS.1.0.1
2023-10-15 22:30:12,840 [WARN] PackLoader:240 - Cannot read IP mode file for STMicroelectronics.X-CUBE-AZRTOS-L5.1.1.0
2023-10-15 22:30:12,859 [WARN] PackLoader:240 - Cannot read IP mode file for STMicroelectronics.X-CUBE-AI.8.0.1
2023-10-15 22:30:12,886 [WARN] PackLoader:240 - Cannot read IP mode file for STMicroelectronics.X-CUBE-SUBG2.5.0.0
2023-10-15 22:30:12,919 [WARN] PackLoader:240 - Cannot read IP mode file for STMicroelectronics.X-CUBE-TOF1.3.3.1
2023-10-15 22:30:12,959 [WARN] PackLoader:240 - Cannot read IP mode file for STMicroelectronics.X-CUBE-AZRTOS-G4.2.0.0
2023-10-15 22:30:12,987 [WARN] PackLoader:240 - Cannot read IP mode file for STMicroelectronics.X-CUBE-TOF1.3.3.0
2023-10-15 22:30:13,049 [WARN] PackLoader:240 - Cannot read IP mode file for Infineon.AIROC-Wi-Fi-Bluetooth-STM32.1.5.1
2023-10-15 22:30:13,083 [WARN] PackLoader:240 - Cannot read IP mode file for STMicroelectronics.X-CUBE-FREERTOS.1.1.0
2023-10-15 22:30:13,104 [WARN] PackLoader:240 - Cannot read IP mode file for portGmbH.I-Cube-SoM-uGOAL.1.1.0
2023-10-15 22:30:13,133 [WARN] PackLoader:240 - Cannot read IP mode file for STMicroelectronics.X-CUBE-ALS.1.0.1
2023-10-15 22:30:13,166 [WARN] PackLoader:240 - Cannot read IP mode file for STMicroelectronics.X-CUBE-AZRTOS-WB.1.1.0
2023-10-15 22:30:13,190 [WARN] PackLoader:240 - Cannot read IP mode file for STMicroelectronics.FP-ATR-ASTRA1.2.0.0
2023-10-15 22:30:13,191 [INFO] ThirdParty:978 - Integrity check success = true
2023-10-15 22:30:13,191 [INFO] IntegrityCheckThread:100 - exiting critical section [integrity check]
2023-10-15 22:30:13,191 [INFO] IntegrityCheckThread:103 - End integrity checks thread
2023-10-15 22:30:13,192 [INFO] ThirdParty:873 - entering critical section [close project]
2023-10-15 22:30:13,193 [INFO] ThirdParty:883 - exiting critical section [close project]
2023-10-15 22:30:13,202 [INFO] PinOutPanel:1499 - setPackage(No Configuration,No Configuration)
2023-10-15 22:30:13,209 [INFO] UtilMem:75 - Begin LoadConfig() Used Memory: 573852736 Bytes (742391808)
2023-10-15 22:30:13,211 [INFO] MicroXplorer:468 - Change Database Path : 
2023-10-15 22:30:13,211 [INFO] MicroXplorer:498 - Change Database Version : DB.6.0.81
2023-10-15 22:30:13,211 [INFO] OpenFileManager:308 - Change cursor
2023-10-15 22:30:13,273 [INFO] Mcu:1937 - Initializing MCU STM32F103C(4-6)Tx STM32F103C6Tx STM32F103C6T6A
2023-10-15 22:30:14,414 [INFO] Context:659 - Trying to add GPIOservice into a context  which must be forbidden
2023-10-15 22:30:15,075 [INFO] RtosManager:555 - Registered RTOS mode: class=CMSIS, group=RTOS, mode=CMSIS_V1, owner=FREERTOS
2023-10-15 22:30:15,075 [INFO] RtosManager:555 - Registered RTOS mode: class=CMSIS, group=RTOS2, mode=CMSIS_V2, owner=FREERTOS
2023-10-15 22:30:15,075 [INFO] RtosManager:555 - Registered RTOS mode: class=RTOS, group=Core, mode=CMSIS_V1, owner=FREERTOS
2023-10-15 22:30:15,075 [INFO] RtosManager:555 - Registered RTOS mode: class=RTOS, group=Core, mode=CMSIS_V2, owner=FREERTOS
2023-10-15 22:30:15,076 [WARN] ModelIntegratedComponent:184 - Missing modes for component STMicroelectronics:FreeRTOS:0.0.1:STMicroelectronics:RTOS:FreeRTOS:Core:::10.2.0:
2023-10-15 22:30:15,098 [WARN] ModelIntegratedComponent:63 - No mode defined for component null
2023-10-15 22:30:15,098 [WARN] ModelIntegratedComponent:63 - No mode defined for component null
2023-10-15 22:30:15,098 [WARN] ModelIntegratedComponent:63 - No mode defined for component null
2023-10-15 22:30:15,098 [WARN] ModelIntegratedComponent:63 - No mode defined for component null
2023-10-15 22:30:15,098 [WARN] ModelIntegratedComponent:63 - No mode defined for component null
2023-10-15 22:30:15,098 [WARN] ModelIntegratedComponent:63 - No mode defined for component null
2023-10-15 22:30:15,098 [WARN] ModelIntegratedComponent:63 - No mode defined for component null
2023-10-15 22:30:15,098 [WARN] ModelIntegratedComponent:63 - No mode defined for component null
2023-10-15 22:30:15,099 [WARN] ModelIntegratedComponent:63 - No mode defined for component null
2023-10-15 22:30:15,099 [WARN] ModelIntegratedComponent:63 - No mode defined for component null
2023-10-15 22:30:15,099 [WARN] ModelIntegratedComponent:63 - No mode defined for component null
2023-10-15 22:30:15,099 [WARN] ModelIntegratedComponent:63 - No mode defined for component null
2023-10-15 22:30:15,099 [WARN] ModelIntegratedComponent:63 - No mode defined for component null
2023-10-15 22:30:15,099 [WARN] ModelIntegratedComponent:63 - No mode defined for component null
2023-10-15 22:30:15,099 [WARN] ModelIntegratedComponent:63 - No mode defined for component null
2023-10-15 22:30:15,099 [WARN] ModelIntegratedComponent:63 - No mode defined for component null
2023-10-15 22:30:15,099 [WARN] ModelIntegratedComponent:63 - No mode defined for component null
2023-10-15 22:30:15,099 [WARN] ModelIntegratedComponent:63 - No mode defined for component null
2023-10-15 22:30:15,100 [WARN] ModelIntegratedComponent:63 - No mode defined for component null
2023-10-15 22:30:15,100 [WARN] ModelIntegratedComponent:63 - No mode defined for component null
2023-10-15 22:30:15,100 [WARN] ModelIntegratedComponent:63 - No mode defined for component null
2023-10-15 22:30:15,100 [WARN] ModelIntegratedComponent:63 - No mode defined for component null
2023-10-15 22:30:15,100 [WARN] ModelIntegratedComponent:63 - No mode defined for component null
2023-10-15 22:30:15,100 [WARN] ModelIntegratedComponent:63 - No mode defined for component null
2023-10-15 22:30:15,100 [WARN] ModelIntegratedComponent:63 - No mode defined for component null
2023-10-15 22:30:15,100 [WARN] ModelIntegratedComponent:63 - No mode defined for component null
2023-10-15 22:30:15,100 [WARN] ModelIntegratedComponent:63 - No mode defined for component null
2023-10-15 22:30:15,101 [WARN] ModelIntegratedComponent:63 - No mode defined for component null
2023-10-15 22:30:15,101 [WARN] ModelIntegratedComponent:63 - No mode defined for component null
2023-10-15 22:30:15,101 [WARN] ModelIntegratedComponent:63 - No mode defined for component null
2023-10-15 22:30:15,101 [WARN] ModelIntegratedComponent:63 - No mode defined for component null
2023-10-15 22:30:15,101 [WARN] ModelIntegratedComponent:63 - No mode defined for component null
2023-10-15 22:30:15,101 [WARN] ModelIntegratedComponent:63 - No mode defined for component null
2023-10-15 22:30:15,140 [INFO] ThirdPartyModel:298 - Start build external matchings
2023-10-15 22:30:15,464 [INFO] ThirdPartyModel:316 - End build external matchings
2023-10-15 22:30:15,687 [INFO] UtilMem:75 - End LoadConfig() Used Memory: 522280584 Bytes (742391808)
2023-10-15 22:30:15,929 [INFO] ApiDb:581 - Connected to CubeFinder SQLite database (C:\Users\Acer\.stmcufinder\plugins\mcufinder\mcu\cube-finder-db.db)
2023-10-15 22:30:16,007 [INFO] ApiDb:668 - CubeFinder database Data Model version=2.1
2023-10-15 22:30:16,007 [INFO] ApiDb:669 - CubeFinder database Configuration version=3.0.37
2023-10-15 22:30:16,007 [INFO] ApiDb:670 - CubeFinder database generation date=2023-08-09 (1691586011)
2023-10-15 22:30:16,007 [INFO] ApiDb:671 - CubeFinder database FW Pack versions=[FP-ATR-ASTRA1_V2.0.0, FP-SNS-FLIGHT1_V5.0.1, FP-SNS-FLIGHT1_V5.0.2, FP-SNS-MOTENV1_V4.3.1, FP-SNS-MOTENV1_V4.3.2, STM32Cube_FW_C0_V1.1.0, STM32Cube_FW_F4_V1.27.1, STM32Cube_FW_F7_V1.17.0, STM32Cube_FW_G0_V1.6.1, STM32Cube_FW_G4_V1.5.1, STM32Cube_FW_H5_V0.5.1, STM32Cube_FW_H5_V1.1.0, STM32Cube_FW_H7_V1.11.0, STM32Cube_FW_L0_V1.12.2, STM32Cube_FW_L5_V1.5.0, STM32Cube_FW_U5_V1.3.0, STM32Cube_FW_U5_V1.3.0RC4, STM32Cube_FW_WBA_V1.0.0RC1, STM32Cube_FW_WBA_V1.1.0, STM32Cube_FW_WBA_V1.1.0RC1, STM32Cube_FW_WB_V1.15.0RC1, STM32Cube_FW_WB_V1.16.0, STM32Cube_FW_WB_V1.16.0RC2, STM32Cube_FW_WB_V1.17.0, STM32Cube_FW_WL_V1.3.0, X-CUBE-ALGOBUILD_V1.3.0, X-CUBE-ALS_V1.0.1, X-CUBE-AZRTOS-F4_V1.1.0, X-CUBE-AZRTOS-F7_V1.1.0, X-CUBE-AZRTOS-G0_V1.1.0, X-CUBE-AZRTOS-G4_V2.0.0, X-CUBE-AZRTOS-H7_V3.1.0, X-CUBE-AZRTOS-L4_V1.0.0, X-CUBE-AZRTOS-L4_V2.0.0, X-CUBE-AZRTOS-L5_V1.1.0, X-CUBE-AZRTOS-WB_V1.1.0, X-CUBE-AZRTOS-WL_V2.0.0, X-CUBE-BLE1_V7.0.0, X-CUBE-BLE2_V3.3.0, X-CUBE-BLEMGR_V2.0.0, X-CUBE-EEPRMA1_V4.1.0, X-CUBE-FREERTOS_V1.1.0, X-CUBE-GNSS1_V6.0.0, X-CUBE-MEMS1_V9.1.0, X-CUBE-MEMS1_V9.4.0, X-CUBE-MEMS1_V9.6.0, X-CUBE-NFC4_V3.0.0, X-CUBE-NFC7_V1.0.0, X-CUBE-SFXS2LP1_V4.0.0, X-CUBE-SUBG2_V5.0.0, X-CUBE-TOF1_V3.3.1]
2023-10-15 22:30:18,345 [INFO] ApiDb:240 - Found 297 in-development CPN: [B-G473E-ZEST1S, B-WB1M-WPAN1, B-WL5M-SUBG1, NUCLEO-C031C6, NUCLEO-H503RB, NUCLEO-H563ZI, NUCLEO-U545RE-Q, NUCLEO-U5A5ZJ-Q, NUCLEO-WBA52CG, STEVAL-PROTEUS1, STEVAL-STWINBX1, STM320518-EVAL, STM32C0116-DK, STM32C011D6Y3TR, STM32C011D6Y6TR, STM32C011F4P3, STM32C011F4P6, STM32C011F4U3, STM32C011F4U6TR, STM32C011F6P3, STM32C011F6P6, STM32C011F6U3, STM32C011F6U6TR, STM32C011J4M3, STM32C011J4M6, STM32C011J6M3, STM32C011J6M6, STM32C0316-DK, STM32C031C4T3, STM32C031C4T6, STM32C031C4U3, STM32C031C4U6, STM32C031C6T3, STM32C031C6T6, STM32C031C6U3, STM32C031C6U6, STM32C031F4P3, STM32C031F4P6, STM32C031F6P3, STM32C031F6P6, STM32C031G4U3, STM32C031G4U6, STM32C031G6U3, STM32C031G6U6, STM32C031K4T3, STM32C031K4T6, STM32C031K4U3, STM32C031K4U6, STM32C031K6T3, STM32C031K6T6, STM32C031K6U3, STM32C031K6U6, STM32G071K8TXN, STM32G071K8UXN, STM32G081GBU6N, STM32G081KBT6N, STM32G081KBUXN, STM32G0B1CCT6N, STM32G0B1KCT6, STM32G0B1NEY6TR, STM32G0B1RCT6N, STM32G0C1CCT6, STM32G0C1CCT6N, STM32G0C1CCU6N, STM32G0C1CET6N, STM32G0C1CEU6N, STM32G0C1KCT6, STM32G0C1NEY6TR, STM32G0C1RCI6N, STM32G0C1RCT6N, STM32G0C1REI6N, STM32G0C1RET6N, STM32G0C1VCI6, STM32G0C1VEI6, STM32G471CCT6, STM32G471CCU6, STM32G471CET3, STM32G471CET6, STM32G471CEU3, STM32G471CEU6, STM32G471MCT6, STM32G471MET3, STM32G471MET6, STM32G471MEY6TR, STM32G471QCT6, STM32G471QET3, STM32G471RCT6, STM32G471RET3, STM32G471RET6, STM32G471VCH6, STM32G471VCI6, STM32G471VCT6, STM32G471VEH3, STM32G471VEH6, STM32G471VEI3, STM32G471VEI6, STM32G471VET3, STM32G471VET6, STM32G474CCT6, STM32H503CBT6, STM32H503CBU6, STM32H503EBY6TR, STM32H503KBU6, STM32H503RBT6, STM32H562AGI6, STM32H562AII6, STM32H562IGK6, STM32H562IGT6, STM32H562IIK6, STM32H562IIT6, STM32H562RGT6, STM32H562RGV6, STM32H562RIT6, STM32H562RIV6, STM32H562VGT6, STM32H562VIT6, STM32H562ZGT6, STM32H562ZIT6, STM32H563AGI6, STM32H563AII3Q, STM32H563AII6, STM32H563IGK6, STM32H563IGT6, STM32H563IIK3Q, STM32H563IIK6, STM32H563IIT3Q, STM32H563IIT6, STM32H563MIY3QTR, STM32H563RGT6, STM32H563RGV6, STM32H563RIT6, STM32H563RIV6, STM32H563VGT6, STM32H563VIT3Q, STM32H563VIT6, STM32H563ZGT6, STM32H563ZIT3Q, STM32H563ZIT6, STM32H573AII3Q, STM32H573AII6, STM32H573I-DK, STM32H573IIK3Q, STM32H573IIK6, STM32H573IIT3Q, STM32H573IIT6, STM32H573MIY3QTR, STM32H573RIT6, STM32H573RIV6, STM32H573VIT3Q, STM32H573VIT6, STM32H573ZIT3Q, STM32H573ZIT6, STM32L4R5QGI6STR, STM32MP131AAE3, STM32MP131AAF3, STM32MP131AAG3, STM32MP131CAE3, STM32MP131CAF3, STM32MP131CAG3, STM32MP131DAE7, STM32MP131DAF7, STM32MP131DAG7, STM32MP131FAE7, STM32MP131FAF7, STM32MP131FAG7, STM32MP133AAE3, STM32MP133AAF3, STM32MP133AAG3, STM32MP133CAE3, STM32MP133CAF3, STM32MP133CAG3, STM32MP133DAE7, STM32MP133DAF7, STM32MP133DAG7, STM32MP133FAE7, STM32MP133FAF7, STM32MP133FAG7, STM32MP135AAE3, STM32MP135AAF3, STM32MP135AAG3, STM32MP135CAE3, STM32MP135CAF3, STM32MP135CAG3, STM32MP135DAE7, STM32MP135DAF7, STM32MP135DAG7, STM32MP135F-DK, STM32MP135FAE7, STM32MP135FAF7, STM32MP135FAF7T, STM32MP135FAF7U, STM32MP135FAG7, STM32U535CBT6, STM32U535CBT6Q, STM32U535CBU6, STM32U535CBU6Q, STM32U535CCT6, STM32U535CCT6Q, STM32U535CCU6, STM32U535CCU6Q, STM32U535CET6, STM32U535CET6Q, STM32U535CEU6, STM32U535CEU6Q, STM32U535JEY6QTR, STM32U535NCY6QTR, STM32U535NEY6QTR, STM32U535RBI6, STM32U535RBI6Q, STM32U535RBT6, STM32U535RBT6Q, STM32U535RCI6, STM32U535RCI6Q, STM32U535RCT6, STM32U535RCT6Q, STM32U535REI6, STM32U535REI6Q, STM32U535RET6, STM32U535RET6Q, STM32U535VCI6, STM32U535VCI6Q, STM32U535VCT6, STM32U535VCT6Q, STM32U535VEI6, STM32U535VEI6Q, STM32U535VET6, STM32U535VET6Q, STM32U545CET6, STM32U545CET6Q, STM32U545CEU6, STM32U545CEU6Q, STM32U545JEY6QTR, STM32U545NEY6QTR, STM32U545REI6, STM32U545REI6Q, STM32U545RET6, STM32U545RET6Q, STM32U545VEI6, STM32U545VEI6Q, STM32U545VET6, STM32U545VET6Q, STM32U595AIH6, STM32U595AIH6Q, STM32U595AJH6, STM32U595AJH6Q, STM32U595QII6, STM32U595QII6Q, STM32U595QJI6, STM32U595QJI6Q, STM32U595RIT6, STM32U595RIT6Q, STM32U595RJT6, STM32U595RJT6Q, STM32U595VIT6, STM32U595VIT6Q, STM32U595VJT6, STM32U595VJT6Q, STM32U595ZIT6, STM32U595ZIT6Q, STM32U595ZIY6QTR, STM32U595ZJT6, STM32U595ZJT6Q, STM32U595ZJY6QTR, STM32U599BJY6QTR, STM32U599NIH6Q, STM32U599NJH6Q, STM32U599VIT6Q, STM32U599VJT6, STM32U599VJT6Q, STM32U599ZIT6Q, STM32U599ZIY6QTR, STM32U599ZJT6Q, STM32U599ZJY6QTR, STM32U5A5AJH6, STM32U5A5AJH6Q, STM32U5A5QJI6, STM32U5A5QJI6Q, STM32U5A5RJT6, STM32U5A5RJT6Q, STM32U5A5VJT6, STM32U5A5VJT6Q, STM32U5A5ZJT6, STM32U5A5ZJT6Q, STM32U5A5ZJY6QTR, STM32U5A9BJY6QTR, STM32U5A9J-DK, STM32U5A9NJH6Q, STM32U5A9VJT6Q, STM32U5A9ZJT6Q, STM32U5A9ZJY6QTR, STM32WB1MMCH6, STM32WBA52CEU6, STM32WBA52CEU6T, STM32WBA52CGU6, STM32WBA52CGU6T, STM32WL5MOCH6, STM32WL5MOCH6TR]
2023-10-15 22:30:18,348 [INFO] DbMcus:216 - Found 3825 MCUs, 3825 are supported
2023-10-15 22:30:18,351 [INFO] ApiDb:423 - Load user favorites file C:\Users\Acer/.stm32cubeide/favorites.mcus.txt: 0 item(s)
2023-10-15 22:30:18,351 [INFO] ApiDb:427 - User favorites MCUs=[]
2023-10-15 22:30:18,352 [INFO] DbMcus:222 - Set 0 / 0 favorites MCUs
2023-10-15 22:30:18,842 [WARN] ThirdParty:833 - waiting for thirdparty lock release [change project]
2023-10-15 22:30:18,842 [INFO] ThirdParty:835 - entering critical section [change project]
2023-10-15 22:30:18,842 [INFO] ThirdParty:1030 - CMSIS Pack Vendor :STMicroelectronics X-CUBE-ISPU 1.1.0
2023-10-15 22:30:18,842 [INFO] ThirdParty:1030 - CMSIS Pack Vendor :STMicroelectronics X-CUBE-GNSS1 6.0.0
2023-10-15 22:30:18,842 [INFO] ThirdParty:1030 - CMSIS Pack Vendor :STMicroelectronics USB_HOST 2.0.0
2023-10-15 22:30:18,843 [INFO] ThirdParty:1030 - CMSIS Pack Vendor :STMicroelectronics X-CUBE-AZRTOS-F4 1.1.0
2023-10-15 22:30:18,843 [INFO] ThirdParty:1030 - CMSIS Pack Vendor :STMicroelectronics LIBJPEG 8.0.0
2023-10-15 22:30:18,843 [INFO] ThirdParty:1030 - CMSIS Pack Vendor :STMicroelectronics X-CUBE-SMBUS 2.1.0
2023-10-15 22:30:18,843 [INFO] ThirdParty:1030 - CMSIS Pack Vendor :wolfSSL I-CUBE-wolfSSL 5.6.0
2023-10-15 22:30:18,843 [INFO] ThirdParty:1030 - CMSIS Pack Vendor :STMicroelectronics USB_DEVICE 3.0.0
2023-10-15 22:30:18,843 [INFO] ThirdParty:1030 - CMSIS Pack Vendor :STMicroelectronics X-CUBE-AZRTOS-WB 2.0.0
2023-10-15 22:30:18,843 [INFO] ThirdParty:1030 - CMSIS Pack Vendor :STMicroelectronics X-CUBE-FREERTOS 1.0.1
2023-10-15 22:30:18,843 [INFO] ThirdParty:1030 - CMSIS Pack Vendor :STMicroelectronics X-CUBE-AZRTOS-F7 1.1.0
2023-10-15 22:30:18,843 [INFO] ThirdParty:1030 - CMSIS Pack Vendor :STMicroelectronics X-CUBE-TOUCHGFX 4.21.4
2023-10-15 22:30:18,843 [INFO] ThirdParty:1030 - CMSIS Pack Vendor :STMicroelectronics X-CUBE-AZRTOS-L5 2.0.0
2023-10-15 22:30:18,843 [INFO] ThirdParty:1030 - CMSIS Pack Vendor :STMicroelectronics USB_DEVICE 2.0.0
2023-10-15 22:30:18,843 [INFO] ThirdParty:1030 - CMSIS Pack Vendor :STMicroelectronics X-CUBE-MEMS1 9.6.0
2023-10-15 22:30:18,843 [INFO] ThirdParty:1030 - CMSIS Pack Vendor :ITTIA_DB I-CUBE-ITTIADB 8.8.0
2023-10-15 22:30:18,844 [INFO] ThirdParty:1030 - CMSIS Pack Vendor :STMicroelectronics FP-SNS-MOTENV1 4.3.2
2023-10-15 22:30:18,844 [INFO] ThirdParty:1030 - CMSIS Pack Vendor :STMicroelectronics FP-SNS-MOTENV1 4.3.1
2023-10-15 22:30:18,844 [INFO] ThirdParty:1030 - CMSIS Pack Vendor :STMicroelectronics FP-SNS-FLIGHT1 5.0.1
2023-10-15 22:30:18,844 [INFO] ThirdParty:1030 - CMSIS Pack Vendor :STMicroelectronics X-CUBE-ALGOBUILD 1.3.0
2023-10-15 22:30:18,844 [INFO] ThirdParty:1030 - CMSIS Pack Vendor :STMicroelectronics X-CUBE-BLE1 6.2.4
2023-10-15 22:30:18,844 [INFO] ThirdParty:1030 - CMSIS Pack Vendor :STMicroelectronics X-CUBE-AZRTOS-L5 1.1.0
2023-10-15 22:30:18,844 [INFO] ThirdParty:1030 - CMSIS Pack Vendor :STMicroelectronics FreeRTOS 0.0.1
2023-10-15 22:30:18,844 [INFO] ThirdParty:1030 - CMSIS Pack Vendor :STMicroelectronics X-CUBE-AZRTOS-G0 1.1.0
2023-10-15 22:30:18,844 [INFO] ThirdParty:1030 - CMSIS Pack Vendor :emotas I-CUBE-CANOPEN 1.1.3
2023-10-15 22:30:18,844 [INFO] ThirdParty:1030 - CMSIS Pack Vendor :STMicroelectronics X-CUBE-BLEMGR 2.0.0
2023-10-15 22:30:18,844 [INFO] ThirdParty:1030 - CMSIS Pack Vendor :STMicroelectronics X-CUBE-AI 8.0.1
2023-10-15 22:30:18,844 [INFO] ThirdParty:1030 - CMSIS Pack Vendor :STMicroelectronics X-CUBE-NFC4 3.0.0
2023-10-15 22:30:18,844 [INFO] ThirdParty:1030 - CMSIS Pack Vendor :STMicroelectronics X-CUBE-SUBG2 5.0.0
2023-10-15 22:30:18,845 [INFO] ThirdParty:1030 - CMSIS Pack Vendor :STMicroelectronics STM32_WPAN 1.0.0
2023-10-15 22:30:18,845 [INFO] ThirdParty:1030 - CMSIS Pack Vendor :STMicroelectronics lwIP 2.0.3
2023-10-15 22:30:18,845 [INFO] ThirdParty:1030 - CMSIS Pack Vendor :STMicroelectronics FP-SNS-FLIGHT1 5.0.2
2023-10-15 22:30:18,845 [INFO] ThirdParty:1030 - CMSIS Pack Vendor :STMicroelectronics USB_HOST 1.0.0
2023-10-15 22:30:18,845 [INFO] ThirdParty:1030 - CMSIS Pack Vendor :STMicroelectronics X-CUBE-TOF1 3.3.1
2023-10-15 22:30:18,845 [INFO] ThirdParty:1030 - CMSIS Pack Vendor :STMicroelectronics X-CUBE-AZRTOS-G4 2.0.0
2023-10-15 22:30:18,846 [INFO] ThirdParty:1030 - CMSIS Pack Vendor :STMicroelectronics PDM2PCM 3.1.0
2023-10-15 22:30:18,846 [INFO] ThirdParty:1030 - CMSIS Pack Vendor :STMicroelectronics X-CUBE-AZRTOS-H7 3.1.0
2023-10-15 22:30:18,846 [INFO] ThirdParty:1030 - CMSIS Pack Vendor :STMicroelectronics X-CUBE-TOF1 3.3.0
2023-10-15 22:30:18,846 [INFO] ThirdParty:1030 - CMSIS Pack Vendor :Infineon AIROC-Wi-Fi-Bluetooth-STM32 1.5.1
2023-10-15 22:30:18,846 [INFO] ThirdParty:1030 - CMSIS Pack Vendor :STMicroelectronics PDM2PCM 3.3.0
2023-10-15 22:30:18,846 [INFO] ThirdParty:1030 - CMSIS Pack Vendor :STMicroelectronics X-CUBE-DISPLAY 3.0.0
2023-10-15 22:30:18,846 [INFO] ThirdParty:1030 - CMSIS Pack Vendor :STMicroelectronics X-CUBE-BLE1 7.0.0
2023-10-15 22:30:18,846 [INFO] ThirdParty:1030 - CMSIS Pack Vendor :STMicroelectronics FP-ATR-SIGFOX1 3.2.0
2023-10-15 22:30:18,846 [INFO] ThirdParty:1030 - CMSIS Pack Vendor :STMicroelectronics HAL Drivers 0.0.0
2023-10-15 22:30:18,847 [INFO] ThirdParty:1030 - CMSIS Pack Vendor :STMicroelectronics MBEDTLS 2.16.2
2023-10-15 22:30:18,847 [INFO] ThirdParty:1030 - CMSIS Pack Vendor :STMicroelectronics X-CUBE-FREERTOS 1.1.0
2023-10-15 22:30:18,847 [INFO] ThirdParty:1030 - CMSIS Pack Vendor :STMicroelectronics X-CUBE-TOUCHGFX 4.22.0
2023-10-15 22:30:18,847 [INFO] ThirdParty:1030 - CMSIS Pack Vendor :STMicroelectronics X-CUBE-NFC7 1.0.1
2023-10-15 22:30:18,847 [INFO] ThirdParty:1030 - CMSIS Pack Vendor :STMicroelectronics MBEDTLS 2.14.1
2023-10-15 22:30:18,847 [INFO] ThirdParty:1030 - CMSIS Pack Vendor :STMicroelectronics X-CUBE-NFC7 1.0.0
2023-10-15 22:30:18,847 [INFO] ThirdParty:1030 - CMSIS Pack Vendor :STMicroelectronics X-CUBE-TOUCHGFX 4.22.1
2023-10-15 22:30:18,847 [INFO] ThirdParty:1030 - CMSIS Pack Vendor :STMicroelectronics X-CUBE-NFC6 3.0.0
2023-10-15 22:30:18,847 [INFO] ThirdParty:1030 - CMSIS Pack Vendor :STMicroelectronics X-CUBE-EEPRMA1 4.1.0
2023-10-15 22:30:18,847 [INFO] ThirdParty:1030 - CMSIS Pack Vendor :portGmbH I-Cube-SoM-uGOAL 1.1.0
2023-10-15 22:30:18,847 [INFO] ThirdParty:1030 - CMSIS Pack Vendor :STMicroelectronics X-CUBE-ALS 1.0.1
2023-10-15 22:30:18,847 [INFO] ThirdParty:1030 - CMSIS Pack Vendor :STMicroelectronics ThreadX 1.0.0
2023-10-15 22:30:18,847 [INFO] ThirdParty:1030 - CMSIS Pack Vendor :STMicroelectronics X-CUBE-AZRTOS-WB 1.1.0
2023-10-15 22:30:18,847 [INFO] ThirdParty:1030 - CMSIS Pack Vendor :SEGGER I-CUBE-embOS 1.3.1
2023-10-15 22:30:18,847 [INFO] ThirdParty:1030 - CMSIS Pack Vendor :STMicroelectronics USB_DEVICE 1.0.0
2023-10-15 22:30:18,847 [INFO] ThirdParty:1030 - CMSIS Pack Vendor :STMicroelectronics X-CUBE-AI 8.1.0
2023-10-15 22:30:18,847 [INFO] ThirdParty:1030 - CMSIS Pack Vendor :STMicroelectronics X-CUBE-AZRTOS-L4 2.0.0
2023-10-15 22:30:18,848 [INFO] ThirdParty:1030 - CMSIS Pack Vendor :STMicroelectronics ThreadX 0.0.2
2023-10-15 22:30:18,848 [INFO] ThirdParty:1030 - CMSIS Pack Vendor :WES I-CUBE-Cesium 1.3.0
2023-10-15 22:30:18,848 [INFO] ThirdParty:1030 - CMSIS Pack Vendor :STMicroelectronics FP-ATR-ASTRA1 2.0.0
2023-10-15 22:30:18,848 [INFO] ThirdParty:1030 - CMSIS Pack Vendor :STMicroelectronics lwIP 2.1.2
2023-10-15 22:30:18,848 [INFO] ThirdParty:1030 - CMSIS Pack Vendor :STMicroelectronics X-CUBE-SFXS2LP1 4.0.0
2023-10-15 22:30:18,848 [INFO] ThirdParty:1030 - CMSIS Pack Vendor :STMicroelectronics X-CUBE-BLE2 3.3.0
2023-10-15 22:30:18,848 [INFO] ThirdParty:1030 - CMSIS Pack Vendor :STMicroelectronics PDM2PCM 3.2.0
2023-10-15 22:30:18,848 [INFO] ThirdParty:841 - exiting critical section [change project]
2023-10-15 22:30:19,263 [INFO] PinOutPanel:1499 - setPackage(No Configuration,No Configuration)
2023-10-15 22:30:19,265 [INFO] PinOutPanel:1499 - setPackage(STM32F103C6Tx,LQFP48)
2023-10-15 22:30:20,180 [INFO] UtilMem:75 - Before build in PCC Used Memory: 526302208 Bytes (742391808)
2023-10-15 22:30:21,374 [INFO] UtilMem:75 - After build in PCC Used Memory: 592722704 Bytes (742391808)
2023-10-15 22:30:21,409 [INFO] IPUIPlugin:80 - create IPUIPlugin
2023-10-15 22:30:21,409 [INFO] IPUIPlugin:80 - create IPUIPlugin
2023-10-15 22:30:21,409 [INFO] IPUIPlugin:80 - create IPUIPlugin
2023-10-15 22:30:21,409 [INFO] IPUIPlugin:80 - create IPUIPlugin
2023-10-15 22:30:21,410 [INFO] IPUIPlugin:80 - create IPUIPlugin
2023-10-15 22:30:21,410 [INFO] IPUIPlugin:80 - create IPUIPlugin
2023-10-15 22:30:21,410 [INFO] IPUIPlugin:80 - create IPUIPlugin
2023-10-15 22:30:21,410 [INFO] IPUIPlugin:80 - create IPUIPlugin
2023-10-15 22:30:21,410 [INFO] IPUIPlugin:80 - create IPUIPlugin
2023-10-15 22:30:21,410 [INFO] IPUIPlugin:80 - create IPUIPlugin
2023-10-15 22:30:21,410 [INFO] IPUIPlugin:80 - create IPUIPlugin
2023-10-15 22:30:21,411 [INFO] IPUIPlugin:80 - create IPUIPlugin
2023-10-15 22:30:21,411 [INFO] IPUIPlugin:80 - create IPUIPlugin
2023-10-15 22:30:21,411 [INFO] IPUIPlugin:80 - create IPUIPlugin
2023-10-15 22:30:21,411 [INFO] IPUIPlugin:80 - create IPUIPlugin
2023-10-15 22:30:21,412 [INFO] IPUIPlugin:80 - create IPUIPlugin
2023-10-15 22:30:21,412 [INFO] IPUIPlugin:80 - create IPUIPlugin
2023-10-15 22:30:21,412 [INFO] IPUIPlugin:80 - create IPUIPlugin
2023-10-15 22:30:21,412 [INFO] IPUIPlugin:80 - create IPUIPlugin
2023-10-15 22:30:21,412 [INFO] IPUIPlugin:80 - create IPUIPlugin
2023-10-15 22:30:21,413 [INFO] IPUIPlugin:80 - create IPUIPlugin
2023-10-15 22:30:21,413 [INFO] IPUIPlugin:80 - create IPUIPlugin
2023-10-15 22:30:21,413 [INFO] IPUIPlugin:80 - create IPUIPlugin
2023-10-15 22:30:21,753 [INFO] CADModel:165 - CPN selected for project levelSTM32F103C6T6A
2023-10-15 22:30:21,753 [INFO] CADModel:114 - Register for checkConnection events
2023-10-15 22:30:21,828 [INFO] OpenFileManager:328 - Restore cursor
2023-10-15 22:32:00,520 [INFO] Gpio:273 - dependency for GPIO []
